{
  "RSpec": {
    "coverage": {
      "/Users/chukaebi/Projects/AlliantsTechTest/BackEnd/spec/checkout_spec.rb": [
        1,
        null,
        1,
        null,
        2,
        null,
        null,
        1,
        null,
        null,
        5,
        null,
        1,
        null,
        1,
        1,
        null,
        null,
        1,
        1,
        1,
        1,
        null,
        null,
        null,
        1,
        1,
        1,
        1,
        null,
        null,
        null,
        1,
        null,
        1,
        1,
        1,
        1,
        null,
        1,
        1,
        1,
        null,
        null,
        null,
        null
      ],
      "/Users/chukaebi/Projects/AlliantsTechTest/BackEnd/lib/checkout.rb": [
        1,
        1,
        null,
        1,
        null,
        1,
        null,
        1,
        4,
        4,
        4,
        4,
        null,
        null,
        1,
        6,
        null,
        null,
        1,
        5,
        null,
        null,
        1,
        1,
        null,
        null,
        1,
        null,
        1,
        1,
        2,
        2,
        null,
        1,
        null,
        null,
        1,
        5,
        5,
        5,
        null,
        null,
        1,
        5,
        null,
        null,
        null
      ],
      "/Users/chukaebi/Projects/AlliantsTechTest/BackEnd/lib/products.rb": [
        1,
        null,
        1,
        null,
        null,
        null,
        1,
        null,
        1,
        5,
        null,
        null,
        null
      ],
      "/Users/chukaebi/Projects/AlliantsTechTest/BackEnd/lib/promotional_rules.rb": [
        1,
        null,
        1,
        null,
        1,
        null,
        1,
        6,
        null,
        null,
        1,
        1,
        1,
        1,
        null,
        null,
        null
      ],
      "/Users/chukaebi/Projects/AlliantsTechTest/BackEnd/spec/products_spec.rb": [
        1,
        null,
        1,
        2,
        null,
        1,
        1,
        null,
        null
      ],
      "/Users/chukaebi/Projects/AlliantsTechTest/BackEnd/spec/promotional_rules_spec.rb": [
        1,
        null,
        1,
        null,
        3,
        null,
        1,
        1,
        null,
        null,
        1,
        1,
        1,
        null,
        null,
        1,
        1,
        null,
        null,
        null
      ]
    },
    "timestamp": 1453640727
  }
}
