{
  "RSpec": {
    "coverage": {
      "/Users/chukaebi/Projects/AlliantsTechTest/BackEnd/spec/checkout_spec.rb": [
        1,
        null,
        1,
        null,
        2,
        null,
        null,
        1,
        null,
        null,
        7,
        null,
        1,
        null,
        1,
        1,
        null,
        null,
        1,
        1,
        1,
        1,
        null,
        null,
        null,
        1,
        1,
        1,
        1,
        null,
        null,
        null,
        1,
        null,
        1,
        1,
        3,
        3,
        null,
        null,
        1,
        1,
        1,
        null,
        null,
        1,
        1,
        4,
        null,
        1,
        1,
        4,
        null,
        null,
        null,
        null
      ],
      "/Users/chukaebi/Projects/AlliantsTechTest/BackEnd/lib/checkout.rb": [
        1,
        1,
        null,
        1,
        null,
        1,
        null,
        1,
        null,
        1,
        6,
        6,
        6,
        6,
        6,
        null,
        null,
        1,
        12,
        null,
        null,
        1,
        11,
        null,
        null,
        1,
        3,
        3,
        3,
        null,
        null,
        1,
        null,
        1,
        3,
        null,
        null,
        1,
        1,
        1,
        null,
        null,
        1,
        2,
        null,
        null,
        1,
        3,
        8,
        8,
        null,
        3,
        null,
        null,
        1,
        11,
        11,
        11,
        null,
        null,
        1,
        11,
        null,
        null,
        null
      ],
      "/Users/chukaebi/Projects/AlliantsTechTest/BackEnd/lib/products.rb": [
        1,
        null,
        1,
        null,
        null,
        null,
        1,
        null,
        1,
        7,
        null,
        null,
        null
      ],
      "/Users/chukaebi/Projects/AlliantsTechTest/BackEnd/lib/promotional_rules.rb": [
        1,
        null,
        1,
        1,
        1,
        1,
        null,
        1,
        null,
        1,
        9,
        null,
        null,
        1,
        3,
        3,
        3,
        null,
        null,
        1,
        2,
        5,
        4,
        null,
        null,
        null,
        null,
        1,
        15,
        null,
        null,
        null
      ],
      "/Users/chukaebi/Projects/AlliantsTechTest/BackEnd/spec/products_spec.rb": [
        1,
        null,
        1,
        2,
        null,
        1,
        1,
        null,
        null
      ],
      "/Users/chukaebi/Projects/AlliantsTechTest/BackEnd/spec/promotional_rules_spec.rb": [
        1,
        null,
        1,
        3,
        null,
        null,
        null,
        4,
        null,
        1,
        1,
        null,
        null,
        1,
        1,
        1,
        null,
        null,
        1,
        1,
        1,
        null,
        null,
        1,
        1,
        4,
        null,
        null,
        null
      ]
    },
    "timestamp": 1453672130
  }
}
